# JRE version: OpenJDK Runtime Environment Temurin-21.0.6+7 (21.0.6+7) (build 21.0.6+7-LTS)
# Java VM: OpenJDK 64-Bit Server VM Temurin-21.0.6+7 (21.0.6+7-LTS, mixed mode, sharing, tiered, compressed oops, compressed class ptrs, parallel gc, windows-amd64)
GC Precious Log:
 CardTable entry size: 512
 CPUs: 8 total, 8 available
 Memory: 12022M
 Large Page Support: Disabled
 NUMA Support: Disabled
 Compressed Oops: Enabled (32-bit)
 Alignments: Space 512K, Generation 512K, Heap 2M
 Heap Min Capacity: 100M
 Heap Initial Capacity: 100M
 Heap Max Capacity: 1G
 Pre-touch: Disabled
 Parallel Workers: 8
Heap:
 PSYoungGen      total 5120K, used 3366K [0x00000000eab00000, 0x00000000eb200000, 0x0000000100000000)
  eden space 4096K, 57% used [0x00000000eab00000,0x00000000ead4b518,0x00000000eaf00000)
  from space 1024K, 99% used [0x00000000eb080000,0x00000000eb17e470,0x00000000eb180000)
  to   space 1536K, 0% used [0x00000000eaf00000,0x00000000eaf00000,0x00000000eb080000)
 ParOldGen       total 137728K, used 119971K [0x00000000c0000000, 0x00000000c8680000, 0x00000000eab00000)
  object space 137728K, 87% used [0x00000000c0000000,0x00000000c7528e60,0x00000000c8680000)
 Metaspace       used 56375K, committed 57664K, reserved 1114112K
  class space    used 5889K, committed 6464K, reserved 1048576K
GC Heap History (20 events):
Event: 6.724 GC heap before
{Heap before GC invocations=93 (full 2):
 PSYoungGen      total 6144K, used 5908K [0x00000000eab00000, 0x00000000eb280000, 0x0000000100000000)
  eden space 4608K, 100% used [0x00000000eab00000,0x00000000eaf80000,0x00000000eaf80000)
  from space 1536K, 84% used [0x00000000eb100000,0x00000000eb245088,0x00000000eb280000)
  to   space 1536K, 0% used [0x00000000eaf80000,0x00000000eaf80000,0x00000000eb100000)
 ParOldGen       total 131584K, used 131473K [0x00000000c0000000, 0x00000000c8080000, 0x00000000eab00000)
  object space 131584K, 99% used [0x00000000c0000000,0x00000000c8064588,0x00000000c8080000)
 Metaspace       used 55461K, committed 56768K, reserved 1114112K
  class space    used 5772K, committed 6336K, reserved 1048576K
}
Event: 6.725 GC heap after
{Heap after GC invocations=93 (full 2):
 PSYoungGen      total 6144K, used 1117K [0x00000000eab00000, 0x00000000eb280000, 0x0000000100000000)
  eden space 4608K, 0% used [0x00000000eab00000,0x00000000eab00000,0x00000000eaf80000)
  from space 1536K, 72% used [0x00000000eaf80000,0x00000000eb0975b8,0x00000000eb100000)
  to   space 1536K, 0% used [0x00000000eb100000,0x00000000eb100000,0x00000000eb280000)
 ParOldGen       total 133120K, used 132647K [0x00000000c0000000, 0x00000000c8200000, 0x00000000eab00000)
  object space 133120K, 99% used [0x00000000c0000000,0x00000000c8189ef8,0x00000000c8200000)
 Metaspace       used 55461K, committed 56768K, reserved 1114112K
  class space    used 5772K, committed 6336K, reserved 1048576K
}
Event: 6.739 GC heap before
{Heap before GC invocations=94 (full 2):
 PSYoungGen      total 6144K, used 5725K [0x00000000eab00000, 0x00000000eb280000, 0x0000000100000000)
  eden space 4608K, 100% used [0x00000000eab00000,0x00000000eaf80000,0x00000000eaf80000)
  from space 1536K, 72% used [0x00000000eaf80000,0x00000000eb0975b8,0x00000000eb100000)
  to   space 1536K, 0% used [0x00000000eb100000,0x00000000eb100000,0x00000000eb280000)
 ParOldGen       total 133120K, used 132647K [0x00000000c0000000, 0x00000000c8200000, 0x00000000eab00000)
  object space 133120K, 99% used [0x00000000c0000000,0x00000000c8189ef8,0x00000000c8200000)
 Metaspace       used 55568K, committed 56832K, reserved 1114112K
  class space    used 5783K, committed 6336K, reserved 1048576K
}
Event: 6.740 GC heap after
{Heap after GC invocations=94 (full 2):
 PSYoungGen      total 6144K, used 1082K [0x00000000eab00000, 0x00000000eb280000, 0x0000000100000000)
  eden space 4608K, 0% used [0x00000000eab00000,0x00000000eab00000,0x00000000eaf80000)
  from space 1536K, 70% used [0x00000000eb100000,0x00000000eb20eb20,0x00000000eb280000)
  to   space 1536K, 0% used [0x00000000eaf80000,0x00000000eaf80000,0x00000000eb100000)
 ParOldGen       total 134144K, used 133689K [0x00000000c0000000, 0x00000000c8300000, 0x00000000eab00000)
  object space 134144K, 99% used [0x00000000c0000000,0x00000000c828e6a8,0x00000000c8300000)
 Metaspace       used 55568K, committed 56832K, reserved 1114112K
  class space    used 5783K, committed 6336K, reserved 1048576K
}
Event: 6.752 GC heap before
{Heap before GC invocations=95 (full 2):
 PSYoungGen      total 6144K, used 5690K [0x00000000eab00000, 0x00000000eb280000, 0x0000000100000000)
  eden space 4608K, 100% used [0x00000000eab00000,0x00000000eaf80000,0x00000000eaf80000)
  from space 1536K, 70% used [0x00000000eb100000,0x00000000eb20eb20,0x00000000eb280000)
  to   space 1536K, 0% used [0x00000000eaf80000,0x00000000eaf80000,0x00000000eb100000)
 ParOldGen       total 134144K, used 133689K [0x00000000c0000000, 0x00000000c8300000, 0x00000000eab00000)
  object space 134144K, 99% used [0x00000000c0000000,0x00000000c828e6a8,0x00000000c8300000)
 Metaspace       used 55699K, committed 56960K, reserved 1114112K
  class space    used 5796K, committed 6336K, reserved 1048576K
}
Event: 6.753 GC heap after
{Heap after GC invocations=95 (full 2):
 PSYoungGen      total 6144K, used 1187K [0x00000000eab00000, 0x00000000eb280000, 0x0000000100000000)
  eden space 4608K, 0% used [0x00000000eab00000,0x00000000eab00000,0x00000000eaf80000)
  from space 1536K, 77% used [0x00000000eaf80000,0x00000000eb0a8e38,0x00000000eb100000)
  to   space 1536K, 0% used [0x00000000eb100000,0x00000000eb100000,0x00000000eb280000)
 ParOldGen       total 134656K, used 134572K [0x00000000c0000000, 0x00000000c8380000, 0x00000000eab00000)
  object space 134656K, 99% used [0x00000000c0000000,0x00000000c836b110,0x00000000c8380000)
 Metaspace       used 55699K, committed 56960K, reserved 1114112K
  class space    used 5796K, committed 6336K, reserved 1048576K
}
Event: 6.763 GC heap before
{Heap before GC invocations=96 (full 2):
 PSYoungGen      total 6144K, used 5791K [0x00000000eab00000, 0x00000000eb280000, 0x0000000100000000)
  eden space 4608K, 99% used [0x00000000eab00000,0x00000000eaf7f1b8,0x00000000eaf80000)
  from space 1536K, 77% used [0x00000000eaf80000,0x00000000eb0a8e38,0x00000000eb100000)
  to   space 1536K, 0% used [0x00000000eb100000,0x00000000eb100000,0x00000000eb280000)
 ParOldGen       total 134656K, used 134572K [0x00000000c0000000, 0x00000000c8380000, 0x00000000eab00000)
  object space 134656K, 99% used [0x00000000c0000000,0x00000000c836b110,0x00000000c8380000)
 Metaspace       used 55884K, committed 57216K, reserved 1114112K
  class space    used 5827K, committed 6400K, reserved 1048576K
}
Event: 6.765 GC heap after
{Heap after GC invocations=96 (full 2):
 PSYoungGen      total 5632K, used 744K [0x00000000eab00000, 0x00000000eb200000, 0x0000000100000000)
  eden space 4608K, 0% used [0x00000000eab00000,0x00000000eab00000,0x00000000eaf80000)
  from space 1024K, 72% used [0x00000000eb100000,0x00000000eb1ba020,0x00000000eb200000)
  to   space 1024K, 0% used [0x00000000eb000000,0x00000000eb000000,0x00000000eb100000)
 ParOldGen       total 135680K, used 135285K [0x00000000c0000000, 0x00000000c8480000, 0x00000000eab00000)
  object space 135680K, 99% used [0x00000000c0000000,0x00000000c841d5d8,0x00000000c8480000)
 Metaspace       used 55884K, committed 57216K, reserved 1114112K
  class space    used 5827K, committed 6400K, reserved 1048576K
}
Event: 6.782 GC heap before
{Heap before GC invocations=97 (full 2):
 PSYoungGen      total 5632K, used 5352K [0x00000000eab00000, 0x00000000eb200000, 0x0000000100000000)
  eden space 4608K, 100% used [0x00000000eab00000,0x00000000eaf80000,0x00000000eaf80000)
  from space 1024K, 72% used [0x00000000eb100000,0x00000000eb1ba020,0x00000000eb200000)
  to   space 1024K, 0% used [0x00000000eb000000,0x00000000eb000000,0x00000000eb100000)
 ParOldGen       total 135680K, used 135285K [0x00000000c0000000, 0x00000000c8480000, 0x00000000eab00000)
  object space 135680K, 99% used [0x00000000c0000000,0x00000000c841d5d8,0x00000000c8480000)
 Metaspace       used 56097K, committed 57344K, reserved 1114112K
  class space    used 5857K, committed 6400K, reserved 1048576K
}
Event: 6.784 GC heap after
{Heap after GC invocations=97 (full 2):
 PSYoungGen      total 5632K, used 885K [0x00000000eab00000, 0x00000000eb180000, 0x0000000100000000)
  eden space 4608K, 0% used [0x00000000eab00000,0x00000000eab00000,0x00000000eaf80000)
  from space 1024K, 86% used [0x00000000eb000000,0x00000000eb0dd7a8,0x00000000eb100000)
  to   space 512K, 0% used [0x00000000eb100000,0x00000000eb100000,0x00000000eb180000)
 ParOldGen       total 136192K, used 135903K [0x00000000c0000000, 0x00000000c8500000, 0x00000000eab00000)
  object space 136192K, 99% used [0x00000000c0000000,0x00000000c84b7fa0,0x00000000c8500000)
 Metaspace       used 56097K, committed 57344K, reserved 1114112K
  class space    used 5857K, committed 6400K, reserved 1048576K
}
Event: 6.797 GC heap before
{Heap before GC invocations=98 (full 2):
 PSYoungGen      total 5632K, used 5493K [0x00000000eab00000, 0x00000000eb180000, 0x0000000100000000)
  eden space 4608K, 100% used [0x00000000eab00000,0x00000000eaf80000,0x00000000eaf80000)
  from space 1024K, 86% used [0x00000000eb000000,0x00000000eb0dd7a8,0x00000000eb100000)
  to   space 512K, 0% used [0x00000000eb100000,0x00000000eb100000,0x00000000eb180000)
 ParOldGen       total 136192K, used 135903K [0x00000000c0000000, 0x00000000c8500000, 0x00000000eab00000)
  object space 136192K, 99% used [0x00000000c0000000,0x00000000c84b7fa0,0x00000000c8500000)
 Metaspace       used 56124K, committed 57408K, reserved 1114112K
  class space    used 5865K, committed 6400K, reserved 1048576K
}
Event: 6.799 GC heap after
{Heap after GC invocations=98 (full 2):
 PSYoungGen      total 4608K, used 512K [0x00000000eab00000, 0x00000000eb380000, 0x0000000100000000)
  eden space 4096K, 0% used [0x00000000eab00000,0x00000000eab00000,0x00000000eaf00000)
  from space 512K, 100% used [0x00000000eb100000,0x00000000eb180000,0x00000000eb180000)
  to   space 2048K, 0% used [0x00000000eaf00000,0x00000000eaf00000,0x00000000eb100000)
 ParOldGen       total 137216K, used 137205K [0x00000000c0000000, 0x00000000c8600000, 0x00000000eab00000)
  object space 137216K, 99% used [0x00000000c0000000,0x00000000c85fd738,0x00000000c8600000)
 Metaspace       used 56124K, committed 57408K, reserved 1114112K
  class space    used 5865K, committed 6400K, reserved 1048576K
}
Event: 6.809 GC heap before
{Heap before GC invocations=99 (full 2):
 PSYoungGen      total 4608K, used 4608K [0x00000000eab00000, 0x00000000eb380000, 0x0000000100000000)
  eden space 4096K, 100% used [0x00000000eab00000,0x00000000eaf00000,0x00000000eaf00000)
  from space 512K, 100% used [0x00000000eb100000,0x00000000eb180000,0x00000000eb180000)
  to   space 2048K, 0% used [0x00000000eaf00000,0x00000000eaf00000,0x00000000eb100000)
 ParOldGen       total 137216K, used 137205K [0x00000000c0000000, 0x00000000c8600000, 0x00000000eab00000)
  object space 137216K, 99% used [0x00000000c0000000,0x00000000c85fd738,0x00000000c8600000)
 Metaspace       used 56209K, committed 57536K, reserved 1114112K
  class space    used 5885K, committed 6464K, reserved 1048576K
}
Event: 6.811 GC heap after
{Heap after GC invocations=99 (full 2):
 PSYoungGen      total 4608K, used 4608K [0x00000000eab00000, 0x00000000eb380000, 0x0000000100000000)
  eden space 4096K, 100% used [0x00000000eab00000,0x00000000eaf00000,0x00000000eaf00000)
  from space 512K, 100% used [0x00000000eb100000,0x00000000eb180000,0x00000000eb180000)
  to   space 2048K, 51% used [0x00000000eaf00000,0x00000000eb007c08,0x00000000eb100000)
 ParOldGen       total 137728K, used 137724K [0x00000000c0000000, 0x00000000c8680000, 0x00000000eab00000)
  object space 137728K, 99% used [0x00000000c0000000,0x00000000c867f3e0,0x00000000c8680000)
 Metaspace       used 56209K, committed 57536K, reserved 1114112K
  class space    used 5885K, committed 6464K, reserved 1048576K
}
Event: 6.811 GC heap before
{Heap before GC invocations=100 (full 3):
 PSYoungGen      total 4608K, used 4608K [0x00000000eab00000, 0x00000000eb380000, 0x0000000100000000)
  eden space 4096K, 100% used [0x00000000eab00000,0x00000000eaf00000,0x00000000eaf00000)
  from space 512K, 100% used [0x00000000eb100000,0x00000000eb180000,0x00000000eb180000)
  to   space 2048K, 51% used [0x00000000eaf00000,0x00000000eb007c08,0x00000000eb100000)
 ParOldGen       total 137728K, used 137724K [0x00000000c0000000, 0x00000000c8680000, 0x00000000eab00000)
  object space 137728K, 99% used [0x00000000c0000000,0x00000000c867f3e0,0x00000000c8680000)
 Metaspace       used 56209K, committed 57536K, reserved 1114112K
  class space    used 5885K, committed 6464K, reserved 1048576K
}
Event: 6.954 GC heap after
{Heap after GC invocations=100 (full 3):
 PSYoungGen      total 6144K, used 0K [0x00000000eab00000, 0x00000000eb300000, 0x0000000100000000)
  eden space 4096K, 0% used [0x00000000eab00000,0x00000000eab00000,0x00000000eaf00000)
  from space 2048K, 0% used [0x00000000eaf00000,0x00000000eaf00000,0x00000000eb100000)
  to   space 2048K, 0% used [0x00000000eb100000,0x00000000eb100000,0x00000000eb300000)
 ParOldGen       total 137728K, used 118298K [0x00000000c0000000, 0x00000000c8680000, 0x00000000eab00000)
  object space 137728K, 85% used [0x00000000c0000000,0x00000000c7386a08,0x00000000c8680000)
 Metaspace       used 56209K, committed 57536K, reserved 1114112K
  class space    used 5885K, committed 6464K, reserved 1048576K
}
Event: 6.965 GC heap before
{Heap before GC invocations=101 (full 3):
 PSYoungGen      total 6144K, used 4053K [0x00000000eab00000, 0x00000000eb300000, 0x0000000100000000)
  eden space 4096K, 98% used [0x00000000eab00000,0x00000000eaef5488,0x00000000eaf00000)
  from space 2048K, 0% used [0x00000000eaf00000,0x00000000eaf00000,0x00000000eb100000)
  to   space 2048K, 0% used [0x00000000eb100000,0x00000000eb100000,0x00000000eb300000)
 ParOldGen       total 137728K, used 118298K [0x00000000c0000000, 0x00000000c8680000, 0x00000000eab00000)
  object space 137728K, 85% used [0x00000000c0000000,0x00000000c7386a08,0x00000000c8680000)
 Metaspace       used 56222K, committed 57536K, reserved 1114112K
  class space    used 5888K, committed 6464K, reserved 1048576K
}
Event: 6.966 GC heap after
{Heap after GC invocations=101 (full 3):
 PSYoungGen      total 5120K, used 989K [0x00000000eab00000, 0x00000000eb200000, 0x0000000100000000)
  eden space 4096K, 0% used [0x00000000eab00000,0x00000000eab00000,0x00000000eaf00000)
  from space 1024K, 96% used [0x00000000eb100000,0x00000000eb1f7618,0x00000000eb200000)
  to   space 1536K, 0% used [0x00000000eaf00000,0x00000000eaf00000,0x00000000eb080000)
 ParOldGen       total 137728K, used 118298K [0x00000000c0000000, 0x00000000c8680000, 0x00000000eab00000)
  object space 137728K, 85% used [0x00000000c0000000,0x00000000c7386a08,0x00000000c8680000)
 Metaspace       used 56222K, committed 57536K, reserved 1114112K
  class space    used 5888K, committed 6464K, reserved 1048576K
}
Event: 6.972 GC heap before
{Heap before GC invocations=102 (full 3):
 PSYoungGen      total 5120K, used 5085K [0x00000000eab00000, 0x00000000eb200000, 0x0000000100000000)
  eden space 4096K, 100% used [0x00000000eab00000,0x00000000eaf00000,0x00000000eaf00000)
  from space 1024K, 96% used [0x00000000eb100000,0x00000000eb1f7618,0x00000000eb200000)
  to   space 1536K, 0% used [0x00000000eaf00000,0x00000000eaf00000,0x00000000eb080000)
 ParOldGen       total 137728K, used 118298K [0x00000000c0000000, 0x00000000c8680000, 0x00000000eab00000)
  object space 137728K, 85% used [0x00000000c0000000,0x00000000c7386a08,0x00000000c8680000)
 Metaspace       used 56303K, committed 57600K, reserved 1114112K
  class space    used 5888K, committed 6464K, reserved 1048576K
}
Event: 6.974 GC heap after
{Heap after GC invocations=102 (full 3):
 PSYoungGen      total 5632K, used 963K [0x00000000eab00000, 0x00000000eb180000, 0x0000000100000000)
  eden space 4096K, 0% used [0x00000000eab00000,0x00000000eab00000,0x00000000eaf00000)
  from space 1536K, 62% used [0x00000000eaf00000,0x00000000eaff0f28,0x00000000eb080000)
  to   space 1024K, 0% used [0x00000000eb080000,0x00000000eb080000,0x00000000eb180000)
 ParOldGen       total 137728K, used 119152K [0x00000000c0000000, 0x00000000c8680000, 0x00000000eab00000)
  object space 137728K, 86% used [0x00000000c0000000,0x00000000c745c038,0x00000000c8680000)
 Metaspace       used 56303K, committed 57600K, reserved 1114112K
  class space    used 5888K, committed 6464K, reserved 1048576K
}

