# JRE version: OpenJDK Runtime Environment Temurin-21.0.6+7 (21.0.6+7) (build 21.0.6+7-LTS)
# Java VM: OpenJDK 64-Bit Server VM Temurin-21.0.6+7 (21.0.6+7-LTS, mixed mode, sharing, tiered, compressed oops, compressed class ptrs, parallel gc, windows-amd64)
GC Precious Log:
 CardTable entry size: 512
 CPUs: 8 total, 8 available
 Memory: 12022M
 Large Page Support: Disabled
 NUMA Support: Disabled
 Compressed Oops: Enabled (32-bit)
 Alignments: Space 512K, Generation 512K, Heap 2M
 Heap Min Capacity: 100M
 Heap Initial Capacity: 100M
 Heap Max Capacity: 1G
 Pre-touch: Disabled
 Parallel Workers: 8
Heap:
 PSYoungGen      total 4096K, used 1235K [0x00000000eab00000, 0x00000000eb000000, 0x0000000100000000)
  eden space 3072K, 16% used [0x00000000eab00000,0x00000000eab7bf80,0x00000000eae00000)
  from space 1024K, 72% used [0x00000000eaf00000,0x00000000eafb9018,0x00000000eb000000)
  to   space 1024K, 0% used [0x00000000eae00000,0x00000000eae00000,0x00000000eaf00000)
 ParOldGen       total 133632K, used 133216K [0x00000000c0000000, 0x00000000c8280000, 0x00000000eab00000)
  object space 133632K, 99% used [0x00000000c0000000,0x00000000c8218180,0x00000000c8280000)
 Metaspace       used 62736K, committed 64000K, reserved 1114112K
  class space    used 6630K, committed 7168K, reserved 1048576K
GC Heap History (20 events):
Event: 17.131 GC heap before
{Heap before GC invocations=111 (full 3):
 PSYoungGen      total 4096K, used 3876K [0x00000000eab00000, 0x00000000eb000000, 0x0000000100000000)
  eden space 3072K, 100% used [0x00000000eab00000,0x00000000eae00000,0x00000000eae00000)
  from space 1024K, 78% used [0x00000000eae00000,0x00000000eaec9338,0x00000000eaf00000)
  to   space 1024K, 0% used [0x00000000eaf00000,0x00000000eaf00000,0x00000000eb000000)
 ParOldGen       total 126976K, used 126720K [0x00000000c0000000, 0x00000000c7c00000, 0x00000000eab00000)
  object space 126976K, 99% used [0x00000000c0000000,0x00000000c7bc03b0,0x00000000c7c00000)
 Metaspace       used 62131K, committed 63424K, reserved 1114112K
  class space    used 6569K, committed 7168K, reserved 1048576K
}
Event: 17.133 GC heap after
{Heap after GC invocations=111 (full 3):
 PSYoungGen      total 4096K, used 565K [0x00000000eab00000, 0x00000000eb000000, 0x0000000100000000)
  eden space 3072K, 0% used [0x00000000eab00000,0x00000000eab00000,0x00000000eae00000)
  from space 1024K, 55% used [0x00000000eaf00000,0x00000000eaf8d578,0x00000000eb000000)
  to   space 1024K, 0% used [0x00000000eae00000,0x00000000eae00000,0x00000000eaf00000)
 ParOldGen       total 127488K, used 127233K [0x00000000c0000000, 0x00000000c7c80000, 0x00000000eab00000)
  object space 127488K, 99% used [0x00000000c0000000,0x00000000c7c40708,0x00000000c7c80000)
 Metaspace       used 62131K, committed 63424K, reserved 1114112K
  class space    used 6569K, committed 7168K, reserved 1048576K
}
Event: 17.149 GC heap before
{Heap before GC invocations=112 (full 3):
 PSYoungGen      total 4096K, used 3637K [0x00000000eab00000, 0x00000000eb000000, 0x0000000100000000)
  eden space 3072K, 100% used [0x00000000eab00000,0x00000000eae00000,0x00000000eae00000)
  from space 1024K, 55% used [0x00000000eaf00000,0x00000000eaf8d578,0x00000000eb000000)
  to   space 1024K, 0% used [0x00000000eae00000,0x00000000eae00000,0x00000000eaf00000)
 ParOldGen       total 127488K, used 127233K [0x00000000c0000000, 0x00000000c7c80000, 0x00000000eab00000)
  object space 127488K, 99% used [0x00000000c0000000,0x00000000c7c40708,0x00000000c7c80000)
 Metaspace       used 62326K, committed 63616K, reserved 1114112K
  class space    used 6583K, committed 7168K, reserved 1048576K
}
Event: 17.150 GC heap after
{Heap after GC invocations=112 (full 3):
 PSYoungGen      total 4096K, used 686K [0x00000000eab00000, 0x00000000eb000000, 0x0000000100000000)
  eden space 3072K, 0% used [0x00000000eab00000,0x00000000eab00000,0x00000000eae00000)
  from space 1024K, 67% used [0x00000000eae00000,0x00000000eaeab960,0x00000000eaf00000)
  to   space 1024K, 0% used [0x00000000eaf00000,0x00000000eaf00000,0x00000000eb000000)
 ParOldGen       total 128000K, used 127675K [0x00000000c0000000, 0x00000000c7d00000, 0x00000000eab00000)
  object space 128000K, 99% used [0x00000000c0000000,0x00000000c7caeca8,0x00000000c7d00000)
 Metaspace       used 62326K, committed 63616K, reserved 1114112K
  class space    used 6583K, committed 7168K, reserved 1048576K
}
Event: 17.161 GC heap before
{Heap before GC invocations=113 (full 3):
 PSYoungGen      total 4096K, used 3758K [0x00000000eab00000, 0x00000000eb000000, 0x0000000100000000)
  eden space 3072K, 100% used [0x00000000eab00000,0x00000000eae00000,0x00000000eae00000)
  from space 1024K, 67% used [0x00000000eae00000,0x00000000eaeab960,0x00000000eaf00000)
  to   space 1024K, 0% used [0x00000000eaf00000,0x00000000eaf00000,0x00000000eb000000)
 ParOldGen       total 128000K, used 127675K [0x00000000c0000000, 0x00000000c7d00000, 0x00000000eab00000)
  object space 128000K, 99% used [0x00000000c0000000,0x00000000c7caeca8,0x00000000c7d00000)
 Metaspace       used 62485K, committed 63744K, reserved 1114112K
  class space    used 6595K, committed 7168K, reserved 1048576K
}
Event: 17.162 GC heap after
{Heap after GC invocations=113 (full 3):
 PSYoungGen      total 4096K, used 642K [0x00000000eab00000, 0x00000000eb000000, 0x0000000100000000)
  eden space 3072K, 0% used [0x00000000eab00000,0x00000000eab00000,0x00000000eae00000)
  from space 1024K, 62% used [0x00000000eaf00000,0x00000000eafa0a80,0x00000000eb000000)
  to   space 1024K, 0% used [0x00000000eae00000,0x00000000eae00000,0x00000000eaf00000)
 ParOldGen       total 128512K, used 128115K [0x00000000c0000000, 0x00000000c7d80000, 0x00000000eab00000)
  object space 128512K, 99% used [0x00000000c0000000,0x00000000c7d1ced0,0x00000000c7d80000)
 Metaspace       used 62485K, committed 63744K, reserved 1114112K
  class space    used 6595K, committed 7168K, reserved 1048576K
}
Event: 17.175 GC heap before
{Heap before GC invocations=114 (full 3):
 PSYoungGen      total 4096K, used 3714K [0x00000000eab00000, 0x00000000eb000000, 0x0000000100000000)
  eden space 3072K, 100% used [0x00000000eab00000,0x00000000eae00000,0x00000000eae00000)
  from space 1024K, 62% used [0x00000000eaf00000,0x00000000eafa0a80,0x00000000eb000000)
  to   space 1024K, 0% used [0x00000000eae00000,0x00000000eae00000,0x00000000eaf00000)
 ParOldGen       total 128512K, used 128115K [0x00000000c0000000, 0x00000000c7d80000, 0x00000000eab00000)
  object space 128512K, 99% used [0x00000000c0000000,0x00000000c7d1ced0,0x00000000c7d80000)
 Metaspace       used 62562K, committed 63872K, reserved 1114112K
  class space    used 6605K, committed 7168K, reserved 1048576K
}
Event: 17.176 GC heap after
{Heap after GC invocations=114 (full 3):
 PSYoungGen      total 4096K, used 768K [0x00000000eab00000, 0x00000000eb000000, 0x0000000100000000)
  eden space 3072K, 0% used [0x00000000eab00000,0x00000000eab00000,0x00000000eae00000)
  from space 1024K, 75% used [0x00000000eae00000,0x00000000eaec0000,0x00000000eaf00000)
  to   space 1024K, 0% used [0x00000000eaf00000,0x00000000eaf00000,0x00000000eb000000)
 ParOldGen       total 129024K, used 128574K [0x00000000c0000000, 0x00000000c7e00000, 0x00000000eab00000)
  object space 129024K, 99% used [0x00000000c0000000,0x00000000c7d8f988,0x00000000c7e00000)
 Metaspace       used 62562K, committed 63872K, reserved 1114112K
  class space    used 6605K, committed 7168K, reserved 1048576K
}
Event: 17.190 GC heap before
{Heap before GC invocations=115 (full 3):
 PSYoungGen      total 4096K, used 3840K [0x00000000eab00000, 0x00000000eb000000, 0x0000000100000000)
  eden space 3072K, 100% used [0x00000000eab00000,0x00000000eae00000,0x00000000eae00000)
  from space 1024K, 75% used [0x00000000eae00000,0x00000000eaec0000,0x00000000eaf00000)
  to   space 1024K, 0% used [0x00000000eaf00000,0x00000000eaf00000,0x00000000eb000000)
 ParOldGen       total 129024K, used 128574K [0x00000000c0000000, 0x00000000c7e00000, 0x00000000eab00000)
  object space 129024K, 99% used [0x00000000c0000000,0x00000000c7d8f988,0x00000000c7e00000)
 Metaspace       used 62572K, committed 63936K, reserved 1114112K
  class space    used 6605K, committed 7168K, reserved 1048576K
}
Event: 17.191 GC heap after
{Heap after GC invocations=115 (full 3):
 PSYoungGen      total 4096K, used 700K [0x00000000eab00000, 0x00000000eb000000, 0x0000000100000000)
  eden space 3072K, 0% used [0x00000000eab00000,0x00000000eab00000,0x00000000eae00000)
  from space 1024K, 68% used [0x00000000eaf00000,0x00000000eafaf1e0,0x00000000eb000000)
  to   space 1024K, 0% used [0x00000000eae00000,0x00000000eae00000,0x00000000eaf00000)
 ParOldGen       total 129536K, used 129205K [0x00000000c0000000, 0x00000000c7e80000, 0x00000000eab00000)
  object space 129536K, 99% used [0x00000000c0000000,0x00000000c7e2d560,0x00000000c7e80000)
 Metaspace       used 62572K, committed 63936K, reserved 1114112K
  class space    used 6605K, committed 7168K, reserved 1048576K
}
Event: 17.206 GC heap before
{Heap before GC invocations=116 (full 3):
 PSYoungGen      total 4096K, used 3772K [0x00000000eab00000, 0x00000000eb000000, 0x0000000100000000)
  eden space 3072K, 100% used [0x00000000eab00000,0x00000000eae00000,0x00000000eae00000)
  from space 1024K, 68% used [0x00000000eaf00000,0x00000000eafaf1e0,0x00000000eb000000)
  to   space 1024K, 0% used [0x00000000eae00000,0x00000000eae00000,0x00000000eaf00000)
 ParOldGen       total 129536K, used 129205K [0x00000000c0000000, 0x00000000c7e80000, 0x00000000eab00000)
  object space 129536K, 99% used [0x00000000c0000000,0x00000000c7e2d560,0x00000000c7e80000)
 Metaspace       used 62608K, committed 63936K, reserved 1114112K
  class space    used 6606K, committed 7168K, reserved 1048576K
}
Event: 17.208 GC heap after
{Heap after GC invocations=116 (full 3):
 PSYoungGen      total 4096K, used 829K [0x00000000eab00000, 0x00000000eb000000, 0x0000000100000000)
  eden space 3072K, 0% used [0x00000000eab00000,0x00000000eab00000,0x00000000eae00000)
  from space 1024K, 80% used [0x00000000eae00000,0x00000000eaecf570,0x00000000eaf00000)
  to   space 1024K, 0% used [0x00000000eaf00000,0x00000000eaf00000,0x00000000eb000000)
 ParOldGen       total 130048K, used 129760K [0x00000000c0000000, 0x00000000c7f00000, 0x00000000eab00000)
  object space 130048K, 99% used [0x00000000c0000000,0x00000000c7eb8310,0x00000000c7f00000)
 Metaspace       used 62608K, committed 63936K, reserved 1114112K
  class space    used 6606K, committed 7168K, reserved 1048576K
}
Event: 17.219 GC heap before
{Heap before GC invocations=117 (full 3):
 PSYoungGen      total 4096K, used 3900K [0x00000000eab00000, 0x00000000eb000000, 0x0000000100000000)
  eden space 3072K, 99% used [0x00000000eab00000,0x00000000eadffc38,0x00000000eae00000)
  from space 1024K, 80% used [0x00000000eae00000,0x00000000eaecf570,0x00000000eaf00000)
  to   space 1024K, 0% used [0x00000000eaf00000,0x00000000eaf00000,0x00000000eb000000)
 ParOldGen       total 130048K, used 129760K [0x00000000c0000000, 0x00000000c7f00000, 0x00000000eab00000)
  object space 130048K, 99% used [0x00000000c0000000,0x00000000c7eb8310,0x00000000c7f00000)
 Metaspace       used 62618K, committed 63936K, reserved 1114112K
  class space    used 6609K, committed 7168K, reserved 1048576K
}
Event: 17.221 GC heap after
{Heap after GC invocations=117 (full 3):
 PSYoungGen      total 4096K, used 800K [0x00000000eab00000, 0x00000000eb000000, 0x0000000100000000)
  eden space 3072K, 0% used [0x00000000eab00000,0x00000000eab00000,0x00000000eae00000)
  from space 1024K, 78% used [0x00000000eaf00000,0x00000000eafc8000,0x00000000eb000000)
  to   space 1024K, 0% used [0x00000000eae00000,0x00000000eae00000,0x00000000eaf00000)
 ParOldGen       total 130560K, used 130443K [0x00000000c0000000, 0x00000000c7f80000, 0x00000000eab00000)
  object space 130560K, 99% used [0x00000000c0000000,0x00000000c7f62f88,0x00000000c7f80000)
 Metaspace       used 62618K, committed 63936K, reserved 1114112K
  class space    used 6609K, committed 7168K, reserved 1048576K
}
Event: 17.233 GC heap before
{Heap before GC invocations=118 (full 3):
 PSYoungGen      total 4096K, used 3872K [0x00000000eab00000, 0x00000000eb000000, 0x0000000100000000)
  eden space 3072K, 100% used [0x00000000eab00000,0x00000000eae00000,0x00000000eae00000)
  from space 1024K, 78% used [0x00000000eaf00000,0x00000000eafc8000,0x00000000eb000000)
  to   space 1024K, 0% used [0x00000000eae00000,0x00000000eae00000,0x00000000eaf00000)
 ParOldGen       total 130560K, used 130443K [0x00000000c0000000, 0x00000000c7f80000, 0x00000000eab00000)
  object space 130560K, 99% used [0x00000000c0000000,0x00000000c7f62f88,0x00000000c7f80000)
 Metaspace       used 62684K, committed 64000K, reserved 1114112K
  class space    used 6620K, committed 7168K, reserved 1048576K
}
Event: 17.235 GC heap after
{Heap after GC invocations=118 (full 3):
 PSYoungGen      total 4096K, used 719K [0x00000000eab00000, 0x00000000eb000000, 0x0000000100000000)
  eden space 3072K, 0% used [0x00000000eab00000,0x00000000eab00000,0x00000000eae00000)
  from space 1024K, 70% used [0x00000000eae00000,0x00000000eaeb3c30,0x00000000eaf00000)
  to   space 1024K, 0% used [0x00000000eaf00000,0x00000000eaf00000,0x00000000eb000000)
 ParOldGen       total 131584K, used 131177K [0x00000000c0000000, 0x00000000c8080000, 0x00000000eab00000)
  object space 131584K, 99% used [0x00000000c0000000,0x00000000c801a400,0x00000000c8080000)
 Metaspace       used 62684K, committed 64000K, reserved 1114112K
  class space    used 6620K, committed 7168K, reserved 1048576K
}
Event: 17.247 GC heap before
{Heap before GC invocations=119 (full 3):
 PSYoungGen      total 4096K, used 3791K [0x00000000eab00000, 0x00000000eb000000, 0x0000000100000000)
  eden space 3072K, 100% used [0x00000000eab00000,0x00000000eae00000,0x00000000eae00000)
  from space 1024K, 70% used [0x00000000eae00000,0x00000000eaeb3c30,0x00000000eaf00000)
  to   space 1024K, 0% used [0x00000000eaf00000,0x00000000eaf00000,0x00000000eb000000)
 ParOldGen       total 131584K, used 131177K [0x00000000c0000000, 0x00000000c8080000, 0x00000000eab00000)
  object space 131584K, 99% used [0x00000000c0000000,0x00000000c801a400,0x00000000c8080000)
 Metaspace       used 62686K, committed 64000K, reserved 1114112K
  class space    used 6620K, committed 7168K, reserved 1048576K
}
Event: 17.248 GC heap after
{Heap after GC invocations=119 (full 3):
 PSYoungGen      total 4096K, used 874K [0x00000000eab00000, 0x00000000eb000000, 0x0000000100000000)
  eden space 3072K, 0% used [0x00000000eab00000,0x00000000eab00000,0x00000000eae00000)
  from space 1024K, 85% used [0x00000000eaf00000,0x00000000eafda888,0x00000000eb000000)
  to   space 1024K, 0% used [0x00000000eae00000,0x00000000eae00000,0x00000000eaf00000)
 ParOldGen       total 132096K, used 131797K [0x00000000c0000000, 0x00000000c8100000, 0x00000000eab00000)
  object space 132096K, 99% used [0x00000000c0000000,0x00000000c80b5630,0x00000000c8100000)
 Metaspace       used 62686K, committed 64000K, reserved 1114112K
  class space    used 6620K, committed 7168K, reserved 1048576K
}
Event: 17.263 GC heap before
{Heap before GC invocations=120 (full 3):
 PSYoungGen      total 4096K, used 3946K [0x00000000eab00000, 0x00000000eb000000, 0x0000000100000000)
  eden space 3072K, 100% used [0x00000000eab00000,0x00000000eae00000,0x00000000eae00000)
  from space 1024K, 85% used [0x00000000eaf00000,0x00000000eafda888,0x00000000eb000000)
  to   space 1024K, 0% used [0x00000000eae00000,0x00000000eae00000,0x00000000eaf00000)
 ParOldGen       total 132096K, used 131797K [0x00000000c0000000, 0x00000000c8100000, 0x00000000eab00000)
  object space 132096K, 99% used [0x00000000c0000000,0x00000000c80b5630,0x00000000c8100000)
 Metaspace       used 62687K, committed 64000K, reserved 1114112K
  class space    used 6620K, committed 7168K, reserved 1048576K
}
Event: 17.265 GC heap after
{Heap after GC invocations=120 (full 3):
 PSYoungGen      total 4096K, used 789K [0x00000000eab00000, 0x00000000eb000000, 0x0000000100000000)
  eden space 3072K, 0% used [0x00000000eab00000,0x00000000eab00000,0x00000000eae00000)
  from space 1024K, 77% used [0x00000000eae00000,0x00000000eaec5580,0x00000000eaf00000)
  to   space 1024K, 0% used [0x00000000eaf00000,0x00000000eaf00000,0x00000000eb000000)
 ParOldGen       total 132608K, used 132492K [0x00000000c0000000, 0x00000000c8180000, 0x00000000eab00000)
  object space 132608K, 99% used [0x00000000c0000000,0x00000000c8163090,0x00000000c8180000)
 Metaspace       used 62687K, committed 64000K, reserved 1114112K
  class space    used 6620K, committed 7168K, reserved 1048576K
}

